<?xml version="1.0" encoding="UTF-8"?>
<!-- Generated by org.testng.reporters.JUnitReportReporter -->
<testsuite hostname="LAPTOP-GJHE7P54" failures="0" tests="1" name="testNg.Script1" time="0.007" errors="0" timestamp="2024-07-01T15:43:43 IST" skipped="0">
  <testcase classname="testNg.Script1" name="launch" time="0.007"/>
  <system-out>
    <![CDATA[testNg]]>
  </system-out>
</testsuite> <!-- testNg.Script1 -->
