<?xml version="1.0" encoding="UTF-8"?>
<!-- Generated by org.testng.reporters.JUnitReportReporter -->
<testsuite hostname="Thirumala21" failures="0" tests="1" name="scripts_Vtiger.Script4" time="16.876" errors="0" timestamp="2024-07-09T14:20:29 IST" skipped="0">
  <testcase classname="scripts_Vtiger.Script4" name="Script4" time="16.876"/>
  <system-out>
    <![CDATA[Report generation
Report]]>
  </system-out>
</testsuite> <!-- scripts_Vtiger.Script4 -->
