<?xml version="1.0" encoding="UTF-8"?>
<!-- Generated by org.testng.reporters.JUnitReportReporter -->
<testsuite hostname="Thirumala21" failures="0" tests="2" name="testNg.DataProviderProgram" time="0.008" errors="0" timestamp="2024-07-09T15:45:52 IST" skipped="0">
  <testcase classname="testNg.DataProviderProgram" name="details" time="0.001">
    <system-out>
      <![CDATA[thirumala
O+
pittala.thirumala11@gmail.com]]>
    </system-out>
  </testcase> <!-- details -->
  <testcase classname="testNg.DataProviderProgram" name="details" time="0.007">
    <system-out>
      <![CDATA[srikanth
O-
srikanth26@gmail.com]]>
    </system-out>
  </testcase> <!-- details -->
  <system-out>
    <![CDATA[srikanth
O-
srikanth26@gmail.com
thirumala
O+
pittala.thirumala11@gmail.com]]>
  </system-out>
</testsuite> <!-- testNg.DataProviderProgram -->
