<?xml version="1.0" encoding="UTF-8"?>
<!-- Generated by org.testng.reporters.JUnitReportReporter -->
<testsuite hostname="Thirumala21" failures="0" tests="3" name="testNg.MultipleDataUsingDataProvider" time="52.271" errors="0" timestamp="2024-07-10T21:33:17 IST" skipped="0">
  <testcase classname="testNg.MultipleDataUsingDataProvider" name="details" time="29.266"/>
  <testcase classname="testNg.MultipleDataUsingDataProvider" name="details" time="11.545"/>
  <testcase classname="testNg.MultipleDataUsingDataProvider" name="details" time="11.460"/>
</testsuite> <!-- testNg.MultipleDataUsingDataProvider -->
