<?xml version="1.0" encoding="UTF-8"?>
<!-- Generated by org.testng.reporters.JUnitReportReporter -->
<testsuite hostname="LAPTOP-GJHE7P54" failures="0" tests="3" name="helperAttributes.Priority" time="0.013" errors="0" timestamp="2024-07-01T16:02:14 IST" skipped="0">
  <testcase classname="helperAttributes.Priority" name="login" time="0.010"/>
  <system-out>
    <![CDATA[user has login]]>
  </system-out>
  <testcase classname="helperAttributes.Priority" name="Addcart" time="0.002"/>
  <system-out>
    <![CDATA[user has add product to cart]]>
  </system-out>
  <testcase classname="helperAttributes.Priority" name="logout" time="0.001"/>
  <system-out>
    <![CDATA[user has logout]]>
  </system-out>
</testsuite> <!-- helperAttributes.Priority -->
