<?xml version="1.0" encoding="UTF-8"?>
<!-- Generated by org.testng.reporters.JUnitReportReporter -->
<testsuite hostname="LAPTOP-GJHE7P54" failures="0" tests="6" name="helperAttributes.LearningInvocation" time="20.350" errors="0" timestamp="2024-07-02T14:40:57 IST" skipped="0">
  <testcase classname="helperAttributes.LearningInvocation" name="launch" time="6.368"/>
  <system-out/>
  <testcase classname="helperAttributes.LearningInvocation" name="launch" time="7.846"/>
  <system-out/>
  <testcase classname="helperAttributes.LearningInvocation" name="launch" time="6.130"/>
  <system-out/>
  <testcase classname="helperAttributes.LearningInvocation" name="demo" time="0.000"/>
  <system-out>
    <![CDATA[testing]]>
  </system-out>
  <testcase classname="helperAttributes.LearningInvocation" name="demo" time="0.006"/>
  <system-out>
    <![CDATA[testing]]>
  </system-out>
  <testcase classname="helperAttributes.LearningInvocation" name="demo" time="0.000"/>
  <system-out>
    <![CDATA[testing]]>
  </system-out>
</testsuite> <!-- helperAttributes.LearningInvocation -->
