<?xml version="1.0" encoding="UTF-8"?>
<!-- Generated by org.testng.reporters.JUnitReportReporter -->
<testsuite hostname="LAPTOP-GJHE7P54" failures="0" tests="2" name="helperAttributes.LearningEnabled" time="21.885" errors="0" timestamp="2024-07-02T15:33:15 IST" skipped="1">
  <testcase classname="helperAttributes.LearningEnabled" name="demo" time="21.885"/>
  <system-out/>
  <testcase classname="helperAttributes.LearningEnabled" name="launch">
    <skipped/>
  </testcase> <!-- launch -->
  <system-out/>
</testsuite> <!-- helperAttributes.LearningEnabled -->
