<?xml version="1.0" encoding="UTF-8"?>
<!-- Generated by org.testng.reporters.JUnitReportReporter -->
<testsuite hostname="LAPTOP-GJHE7P54" failures="0" tests="3" name="helperAttributes.LearningThreadPoolSize" time="29.738" errors="0" timestamp="2024-07-02T15:10:53 IST" skipped="0">
  <testcase classname="helperAttributes.LearningThreadPoolSize" name="launch" time="12.188"/>
  <system-out/>
  <testcase classname="helperAttributes.LearningThreadPoolSize" name="launch" time="11.023"/>
  <system-out/>
  <testcase classname="helperAttributes.LearningThreadPoolSize" name="launch" time="6.527"/>
  <system-out/>
</testsuite> <!-- helperAttributes.LearningThreadPoolSize -->
