<?xml version="1.0" encoding="UTF-8"?>
<!-- Generated by org.testng.reporters.JUnitReportReporter -->
<testsuite hostname="Thirumala21" failures="0" tests="2" name="testNg.LearningCrossBrowserTesting" time="14.377" errors="0" timestamp="2024-07-08T15:47:40 IST" skipped="0">
  <testcase classname="testNg.LearningCrossBrowserTesting" name="launch" time="0.011"/>
  <testcase classname="testNg.LearningCrossBrowserTesting" name="launch" time="14.366"/>
</testsuite> <!-- testNg.LearningCrossBrowserTesting -->
